2025-01-09 00:09:39,767 INFO 14479 [egg-schedule]: register schedule /Users/le/Documents/GitHub/mystudy/todo-list/node_modules/egg-multipart/app/schedule/clean_tmpdir.js
2025-01-09 00:09:39,767 INFO 14479 [egg-schedule]: register schedule /Users/le/Documents/GitHub/mystudy/todo-list/node_modules/egg-logrotator/app/schedule/clean_log.js
2025-01-09 00:09:39,767 INFO 14479 [egg-schedule]: register schedule /Users/le/Documents/GitHub/mystudy/todo-list/node_modules/egg-logrotator/app/schedule/rotate_by_file.js
2025-01-09 00:13:24,742 INFO 14740 [egg-schedule]: register schedule /Users/le/Documents/GitHub/mystudy/todo-list/node_modules/egg-multipart/app/schedule/clean_tmpdir.js
2025-01-09 00:13:24,742 INFO 14740 [egg-schedule]: register schedule /Users/le/Documents/GitHub/mystudy/todo-list/node_modules/egg-logrotator/app/schedule/clean_log.js
2025-01-09 00:13:24,742 INFO 14740 [egg-schedule]: register schedule /Users/le/Documents/GitHub/mystudy/todo-list/node_modules/egg-logrotator/app/schedule/rotate_by_file.js
2025-01-09 00:21:07,366 INFO 15900 [Timer] /Users/le/Documents/GitHub/mystudy/todo-list/node_modules/egg-multipart/app/schedule/clean_tmpdir.js next time will execute after 14932635ms at 2025-01-09 04:30:00.001
2025-01-09 00:21:07,367 INFO 15900 [Timer] /Users/le/Documents/GitHub/mystudy/todo-list/node_modules/egg-logrotator/app/schedule/clean_log.js next time will execute after 85132633ms at 2025-01-10 00:00:00.000
2025-01-09 00:21:07,368 INFO 15900 [Timer] /Users/le/Documents/GitHub/mystudy/todo-list/node_modules/egg-logrotator/app/schedule/rotate_by_file.js next time will execute after 85133633ms at 2025-01-10 00:00:01.001
2025-01-09 00:21:07,032 INFO 15912 [egg-schedule]: register schedule /Users/le/Documents/GitHub/mystudy/todo-list/node_modules/egg-multipart/app/schedule/clean_tmpdir.js
2025-01-09 00:21:07,032 INFO 15912 [egg-schedule]: register schedule /Users/le/Documents/GitHub/mystudy/todo-list/node_modules/egg-logrotator/app/schedule/clean_log.js
2025-01-09 00:21:07,032 INFO 15912 [egg-schedule]: register schedule /Users/le/Documents/GitHub/mystudy/todo-list/node_modules/egg-logrotator/app/schedule/rotate_by_file.js
2025-01-09 00:36:17,525 INFO 17558 [Timer] /Users/le/Documents/GitHub/mystudy/todo-list/node_modules/egg-multipart/app/schedule/clean_tmpdir.js next time will execute after 14022477ms at 2025-01-09 04:30:00.002
2025-01-09 00:36:17,526 INFO 17558 [Timer] /Users/le/Documents/GitHub/mystudy/todo-list/node_modules/egg-logrotator/app/schedule/clean_log.js next time will execute after 84222475ms at 2025-01-10 00:00:00.001
2025-01-09 00:36:17,526 INFO 17558 [Timer] /Users/le/Documents/GitHub/mystudy/todo-list/node_modules/egg-logrotator/app/schedule/rotate_by_file.js next time will execute after 84223474ms at 2025-01-10 00:00:01.000
2025-01-09 00:36:17,241 INFO 17572 [egg-schedule]: register schedule /Users/le/Documents/GitHub/mystudy/todo-list/node_modules/egg-multipart/app/schedule/clean_tmpdir.js
2025-01-09 00:36:17,241 INFO 17572 [egg-schedule]: register schedule /Users/le/Documents/GitHub/mystudy/todo-list/node_modules/egg-logrotator/app/schedule/clean_log.js
2025-01-09 00:36:17,241 INFO 17572 [egg-schedule]: register schedule /Users/le/Documents/GitHub/mystudy/todo-list/node_modules/egg-logrotator/app/schedule/rotate_by_file.js
2025-01-09 00:38:22,566 INFO 17691 [egg-schedule]: register schedule /Users/le/Documents/GitHub/mystudy/todo-list/node_modules/egg-multipart/app/schedule/clean_tmpdir.js
2025-01-09 00:38:22,566 INFO 17691 [egg-schedule]: register schedule /Users/le/Documents/GitHub/mystudy/todo-list/node_modules/egg-logrotator/app/schedule/clean_log.js
2025-01-09 00:38:22,566 INFO 17691 [egg-schedule]: register schedule /Users/le/Documents/GitHub/mystudy/todo-list/node_modules/egg-logrotator/app/schedule/rotate_by_file.js
2025-01-09 00:38:39,368 INFO 17784 [Timer] /Users/le/Documents/GitHub/mystudy/todo-list/node_modules/egg-multipart/app/schedule/clean_tmpdir.js next time will execute after 13880633ms at 2025-01-09 04:30:00.001
2025-01-09 00:38:39,369 INFO 17784 [Timer] /Users/le/Documents/GitHub/mystudy/todo-list/node_modules/egg-logrotator/app/schedule/clean_log.js next time will execute after 84080631ms at 2025-01-10 00:00:00.000
2025-01-09 00:38:39,369 INFO 17784 [Timer] /Users/le/Documents/GitHub/mystudy/todo-list/node_modules/egg-logrotator/app/schedule/rotate_by_file.js next time will execute after 84081631ms at 2025-01-10 00:00:01.000
2025-01-09 00:38:39,123 INFO 17796 [egg-schedule]: register schedule /Users/le/Documents/GitHub/mystudy/todo-list/node_modules/egg-multipart/app/schedule/clean_tmpdir.js
2025-01-09 00:38:39,123 INFO 17796 [egg-schedule]: register schedule /Users/le/Documents/GitHub/mystudy/todo-list/node_modules/egg-logrotator/app/schedule/clean_log.js
2025-01-09 00:38:39,123 INFO 17796 [egg-schedule]: register schedule /Users/le/Documents/GitHub/mystudy/todo-list/node_modules/egg-logrotator/app/schedule/rotate_by_file.js
2025-01-09 00:39:32,706 INFO 17847 [egg-schedule]: register schedule /Users/le/Documents/GitHub/mystudy/todo-list/node_modules/egg-multipart/app/schedule/clean_tmpdir.js
2025-01-09 00:39:32,706 INFO 17847 [egg-schedule]: register schedule /Users/le/Documents/GitHub/mystudy/todo-list/node_modules/egg-logrotator/app/schedule/clean_log.js
2025-01-09 00:39:32,706 INFO 17847 [egg-schedule]: register schedule /Users/le/Documents/GitHub/mystudy/todo-list/node_modules/egg-logrotator/app/schedule/rotate_by_file.js
2025-01-09 00:43:33,905 INFO 18169 [egg-schedule]: register schedule /Users/le/Documents/GitHub/mystudy/todo-list/node_modules/egg-multipart/app/schedule/clean_tmpdir.js
2025-01-09 00:43:33,905 INFO 18169 [egg-schedule]: register schedule /Users/le/Documents/GitHub/mystudy/todo-list/node_modules/egg-logrotator/app/schedule/clean_log.js
2025-01-09 00:43:33,905 INFO 18169 [egg-schedule]: register schedule /Users/le/Documents/GitHub/mystudy/todo-list/node_modules/egg-logrotator/app/schedule/rotate_by_file.js
2025-01-09 00:43:34,505 INFO 18191 [egg-schedule]: register schedule /Users/le/Documents/GitHub/mystudy/todo-list/node_modules/egg-multipart/app/schedule/clean_tmpdir.js
2025-01-09 00:43:34,505 INFO 18191 [egg-schedule]: register schedule /Users/le/Documents/GitHub/mystudy/todo-list/node_modules/egg-logrotator/app/schedule/clean_log.js
2025-01-09 00:43:34,505 INFO 18191 [egg-schedule]: register schedule /Users/le/Documents/GitHub/mystudy/todo-list/node_modules/egg-logrotator/app/schedule/rotate_by_file.js
2025-01-09 00:44:11,068 INFO 18211 [egg-schedule]: register schedule /Users/le/Documents/GitHub/mystudy/todo-list/node_modules/egg-multipart/app/schedule/clean_tmpdir.js
2025-01-09 00:44:11,068 INFO 18211 [egg-schedule]: register schedule /Users/le/Documents/GitHub/mystudy/todo-list/node_modules/egg-logrotator/app/schedule/clean_log.js
2025-01-09 00:44:11,068 INFO 18211 [egg-schedule]: register schedule /Users/le/Documents/GitHub/mystudy/todo-list/node_modules/egg-logrotator/app/schedule/rotate_by_file.js
2025-01-09 00:44:11,735 INFO 18233 [egg-schedule]: register schedule /Users/le/Documents/GitHub/mystudy/todo-list/node_modules/egg-multipart/app/schedule/clean_tmpdir.js
2025-01-09 00:44:11,735 INFO 18233 [egg-schedule]: register schedule /Users/le/Documents/GitHub/mystudy/todo-list/node_modules/egg-logrotator/app/schedule/clean_log.js
2025-01-09 00:44:11,735 INFO 18233 [egg-schedule]: register schedule /Users/le/Documents/GitHub/mystudy/todo-list/node_modules/egg-logrotator/app/schedule/rotate_by_file.js
2025-01-09 00:50:10,939 INFO 18715 [egg-schedule]: register schedule /Users/le/Documents/GitHub/mystudy/todo-list/node_modules/egg-multipart/app/schedule/clean_tmpdir.js
2025-01-09 00:50:10,939 INFO 18715 [egg-schedule]: register schedule /Users/le/Documents/GitHub/mystudy/todo-list/node_modules/egg-logrotator/app/schedule/clean_log.js
2025-01-09 00:50:10,939 INFO 18715 [egg-schedule]: register schedule /Users/le/Documents/GitHub/mystudy/todo-list/node_modules/egg-logrotator/app/schedule/rotate_by_file.js
2025-01-09 00:50:11,723 INFO 18719 [egg-schedule]: register schedule /Users/le/Documents/GitHub/mystudy/todo-list/node_modules/egg-multipart/app/schedule/clean_tmpdir.js
2025-01-09 00:50:11,723 INFO 18719 [egg-schedule]: register schedule /Users/le/Documents/GitHub/mystudy/todo-list/node_modules/egg-logrotator/app/schedule/clean_log.js
2025-01-09 00:50:11,723 INFO 18719 [egg-schedule]: register schedule /Users/le/Documents/GitHub/mystudy/todo-list/node_modules/egg-logrotator/app/schedule/rotate_by_file.js
2025-01-09 00:50:52,464 INFO 18755 [egg-schedule]: register schedule /Users/le/Documents/GitHub/mystudy/todo-list/node_modules/egg-multipart/app/schedule/clean_tmpdir.js
2025-01-09 00:50:52,464 INFO 18755 [egg-schedule]: register schedule /Users/le/Documents/GitHub/mystudy/todo-list/node_modules/egg-logrotator/app/schedule/clean_log.js
2025-01-09 00:50:52,464 INFO 18755 [egg-schedule]: register schedule /Users/le/Documents/GitHub/mystudy/todo-list/node_modules/egg-logrotator/app/schedule/rotate_by_file.js
2025-01-09 00:50:53,348 INFO 18759 [egg-schedule]: register schedule /Users/le/Documents/GitHub/mystudy/todo-list/node_modules/egg-multipart/app/schedule/clean_tmpdir.js
2025-01-09 00:50:53,348 INFO 18759 [egg-schedule]: register schedule /Users/le/Documents/GitHub/mystudy/todo-list/node_modules/egg-logrotator/app/schedule/clean_log.js
2025-01-09 00:50:53,348 INFO 18759 [egg-schedule]: register schedule /Users/le/Documents/GitHub/mystudy/todo-list/node_modules/egg-logrotator/app/schedule/rotate_by_file.js
2025-01-09 00:54:27,599 INFO 19117 [egg-schedule]: register schedule /Users/le/Documents/GitHub/mystudy/todo-list/node_modules/egg-multipart/app/schedule/clean_tmpdir.js
2025-01-09 00:54:27,599 INFO 19117 [egg-schedule]: register schedule /Users/le/Documents/GitHub/mystudy/todo-list/node_modules/egg-logrotator/app/schedule/clean_log.js
2025-01-09 00:54:27,599 INFO 19117 [egg-schedule]: register schedule /Users/le/Documents/GitHub/mystudy/todo-list/node_modules/egg-logrotator/app/schedule/rotate_by_file.js
2025-01-09 00:54:28,346 INFO 19124 [egg-schedule]: register schedule /Users/le/Documents/GitHub/mystudy/todo-list/node_modules/egg-multipart/app/schedule/clean_tmpdir.js
2025-01-09 00:54:28,346 INFO 19124 [egg-schedule]: register schedule /Users/le/Documents/GitHub/mystudy/todo-list/node_modules/egg-logrotator/app/schedule/clean_log.js
2025-01-09 00:54:28,346 INFO 19124 [egg-schedule]: register schedule /Users/le/Documents/GitHub/mystudy/todo-list/node_modules/egg-logrotator/app/schedule/rotate_by_file.js
2025-01-09 00:55:12,877 INFO 19170 [egg-schedule]: register schedule /Users/le/Documents/GitHub/mystudy/todo-list/node_modules/egg-multipart/app/schedule/clean_tmpdir.js
2025-01-09 00:55:12,877 INFO 19170 [egg-schedule]: register schedule /Users/le/Documents/GitHub/mystudy/todo-list/node_modules/egg-logrotator/app/schedule/clean_log.js
2025-01-09 00:55:12,877 INFO 19170 [egg-schedule]: register schedule /Users/le/Documents/GitHub/mystudy/todo-list/node_modules/egg-logrotator/app/schedule/rotate_by_file.js
2025-01-09 00:55:13,501 INFO 19174 [egg-schedule]: register schedule /Users/le/Documents/GitHub/mystudy/todo-list/node_modules/egg-multipart/app/schedule/clean_tmpdir.js
2025-01-09 00:55:13,501 INFO 19174 [egg-schedule]: register schedule /Users/le/Documents/GitHub/mystudy/todo-list/node_modules/egg-logrotator/app/schedule/clean_log.js
2025-01-09 00:55:13,501 INFO 19174 [egg-schedule]: register schedule /Users/le/Documents/GitHub/mystudy/todo-list/node_modules/egg-logrotator/app/schedule/rotate_by_file.js
2025-01-09 00:55:32,092 INFO 19208 [egg-schedule]: register schedule /Users/le/Documents/GitHub/mystudy/todo-list/node_modules/egg-multipart/app/schedule/clean_tmpdir.js
2025-01-09 00:55:32,092 INFO 19208 [egg-schedule]: register schedule /Users/le/Documents/GitHub/mystudy/todo-list/node_modules/egg-logrotator/app/schedule/clean_log.js
2025-01-09 00:55:32,092 INFO 19208 [egg-schedule]: register schedule /Users/le/Documents/GitHub/mystudy/todo-list/node_modules/egg-logrotator/app/schedule/rotate_by_file.js
2025-01-09 00:55:32,703 INFO 19212 [egg-schedule]: register schedule /Users/le/Documents/GitHub/mystudy/todo-list/node_modules/egg-multipart/app/schedule/clean_tmpdir.js
2025-01-09 00:55:32,703 INFO 19212 [egg-schedule]: register schedule /Users/le/Documents/GitHub/mystudy/todo-list/node_modules/egg-logrotator/app/schedule/clean_log.js
2025-01-09 00:55:32,703 INFO 19212 [egg-schedule]: register schedule /Users/le/Documents/GitHub/mystudy/todo-list/node_modules/egg-logrotator/app/schedule/rotate_by_file.js
2025-01-09 01:00:31,870 INFO 19648 [egg-schedule]: register schedule /Users/le/Documents/GitHub/mystudy/todo-list/node_modules/egg-multipart/app/schedule/clean_tmpdir.js
2025-01-09 01:00:31,870 INFO 19648 [egg-schedule]: register schedule /Users/le/Documents/GitHub/mystudy/todo-list/node_modules/egg-logrotator/app/schedule/clean_log.js
2025-01-09 01:00:31,870 INFO 19648 [egg-schedule]: register schedule /Users/le/Documents/GitHub/mystudy/todo-list/node_modules/egg-logrotator/app/schedule/rotate_by_file.js
2025-01-09 01:00:32,481 INFO 19654 [egg-schedule]: register schedule /Users/le/Documents/GitHub/mystudy/todo-list/node_modules/egg-multipart/app/schedule/clean_tmpdir.js
2025-01-09 01:00:32,481 INFO 19654 [egg-schedule]: register schedule /Users/le/Documents/GitHub/mystudy/todo-list/node_modules/egg-logrotator/app/schedule/clean_log.js
2025-01-09 01:00:32,481 INFO 19654 [egg-schedule]: register schedule /Users/le/Documents/GitHub/mystudy/todo-list/node_modules/egg-logrotator/app/schedule/rotate_by_file.js
2025-01-09 01:00:33,389 INFO 19664 [egg-schedule]: register schedule /Users/le/Documents/GitHub/mystudy/todo-list/node_modules/egg-multipart/app/schedule/clean_tmpdir.js
2025-01-09 01:00:33,389 INFO 19664 [egg-schedule]: register schedule /Users/le/Documents/GitHub/mystudy/todo-list/node_modules/egg-logrotator/app/schedule/clean_log.js
2025-01-09 01:00:33,389 INFO 19664 [egg-schedule]: register schedule /Users/le/Documents/GitHub/mystudy/todo-list/node_modules/egg-logrotator/app/schedule/rotate_by_file.js
2025-01-09 01:03:12,957 INFO 20120 [egg-schedule]: register schedule /Users/le/Documents/GitHub/mystudy/todo-list/node_modules/egg-multipart/app/schedule/clean_tmpdir.js
2025-01-09 01:03:12,957 INFO 20120 [egg-schedule]: register schedule /Users/le/Documents/GitHub/mystudy/todo-list/node_modules/egg-logrotator/app/schedule/clean_log.js
2025-01-09 01:03:12,957 INFO 20120 [egg-schedule]: register schedule /Users/le/Documents/GitHub/mystudy/todo-list/node_modules/egg-logrotator/app/schedule/rotate_by_file.js
2025-01-09 01:05:02,084 INFO 20335 [Timer] /Users/le/Documents/GitHub/mystudy/todo-list/node_modules/egg-multipart/app/schedule/clean_tmpdir.js next time will execute after 12297918ms at 2025-01-09 04:30:00.002
2025-01-09 01:05:02,084 INFO 20335 [Timer] /Users/le/Documents/GitHub/mystudy/todo-list/node_modules/egg-logrotator/app/schedule/clean_log.js next time will execute after 82497916ms at 2025-01-10 00:00:00.000
2025-01-09 01:05:02,085 INFO 20335 [Timer] /Users/le/Documents/GitHub/mystudy/todo-list/node_modules/egg-logrotator/app/schedule/rotate_by_file.js next time will execute after 82498916ms at 2025-01-10 00:00:01.001
2025-01-09 01:05:01,902 INFO 20347 [egg-schedule]: register schedule /Users/le/Documents/GitHub/mystudy/todo-list/node_modules/egg-multipart/app/schedule/clean_tmpdir.js
2025-01-09 01:05:01,902 INFO 20347 [egg-schedule]: register schedule /Users/le/Documents/GitHub/mystudy/todo-list/node_modules/egg-logrotator/app/schedule/clean_log.js
2025-01-09 01:05:01,902 INFO 20347 [egg-schedule]: register schedule /Users/le/Documents/GitHub/mystudy/todo-list/node_modules/egg-logrotator/app/schedule/rotate_by_file.js
2025-01-09 01:07:11,390 INFO 20529 [Timer] /Users/le/Documents/GitHub/mystudy/todo-list/node_modules/egg-multipart/app/schedule/clean_tmpdir.js next time will execute after 12168614ms at 2025-01-09 04:30:00.004
2025-01-09 01:07:11,390 INFO 20529 [Timer] /Users/le/Documents/GitHub/mystudy/todo-list/node_modules/egg-logrotator/app/schedule/clean_log.js next time will execute after 82368610ms at 2025-01-10 00:00:00.000
2025-01-09 01:07:11,390 INFO 20529 [Timer] /Users/le/Documents/GitHub/mystudy/todo-list/node_modules/egg-logrotator/app/schedule/rotate_by_file.js next time will execute after 82369610ms at 2025-01-10 00:00:01.000
2025-01-09 01:07:11,091 INFO 20543 [egg-schedule]: register schedule /Users/le/Documents/GitHub/mystudy/todo-list/node_modules/egg-multipart/app/schedule/clean_tmpdir.js
2025-01-09 01:07:11,091 INFO 20543 [egg-schedule]: register schedule /Users/le/Documents/GitHub/mystudy/todo-list/node_modules/egg-logrotator/app/schedule/clean_log.js
2025-01-09 01:07:11,091 INFO 20543 [egg-schedule]: register schedule /Users/le/Documents/GitHub/mystudy/todo-list/node_modules/egg-logrotator/app/schedule/rotate_by_file.js
2025-01-09 01:10:05,894 INFO 20676 [egg-schedule]: register schedule /Users/le/Documents/GitHub/mystudy/todo-list/node_modules/egg-multipart/app/schedule/clean_tmpdir.js
2025-01-09 01:10:05,894 INFO 20676 [egg-schedule]: register schedule /Users/le/Documents/GitHub/mystudy/todo-list/node_modules/egg-logrotator/app/schedule/clean_log.js
2025-01-09 01:10:05,894 INFO 20676 [egg-schedule]: register schedule /Users/le/Documents/GitHub/mystudy/todo-list/node_modules/egg-logrotator/app/schedule/rotate_by_file.js
2025-01-09 01:10:06,503 INFO 20681 [egg-schedule]: register schedule /Users/le/Documents/GitHub/mystudy/todo-list/node_modules/egg-multipart/app/schedule/clean_tmpdir.js
2025-01-09 01:10:06,503 INFO 20681 [egg-schedule]: register schedule /Users/le/Documents/GitHub/mystudy/todo-list/node_modules/egg-logrotator/app/schedule/clean_log.js
2025-01-09 01:10:06,503 INFO 20681 [egg-schedule]: register schedule /Users/le/Documents/GitHub/mystudy/todo-list/node_modules/egg-logrotator/app/schedule/rotate_by_file.js
2025-01-09 01:11:44,138 INFO 20844 [egg-schedule]: register schedule /Users/le/Documents/GitHub/mystudy/todo-list/node_modules/egg-multipart/app/schedule/clean_tmpdir.js
2025-01-09 01:11:44,138 INFO 20844 [egg-schedule]: register schedule /Users/le/Documents/GitHub/mystudy/todo-list/node_modules/egg-logrotator/app/schedule/clean_log.js
2025-01-09 01:11:44,138 INFO 20844 [egg-schedule]: register schedule /Users/le/Documents/GitHub/mystudy/todo-list/node_modules/egg-logrotator/app/schedule/rotate_by_file.js
2025-01-09 01:11:44,730 INFO 20848 [egg-schedule]: register schedule /Users/le/Documents/GitHub/mystudy/todo-list/node_modules/egg-multipart/app/schedule/clean_tmpdir.js
2025-01-09 01:11:44,730 INFO 20848 [egg-schedule]: register schedule /Users/le/Documents/GitHub/mystudy/todo-list/node_modules/egg-logrotator/app/schedule/clean_log.js
2025-01-09 01:11:44,730 INFO 20848 [egg-schedule]: register schedule /Users/le/Documents/GitHub/mystudy/todo-list/node_modules/egg-logrotator/app/schedule/rotate_by_file.js
2025-01-09 01:12:00,613 INFO 20871 [egg-schedule]: register schedule /Users/le/Documents/GitHub/mystudy/todo-list/node_modules/egg-multipart/app/schedule/clean_tmpdir.js
2025-01-09 01:12:00,613 INFO 20871 [egg-schedule]: register schedule /Users/le/Documents/GitHub/mystudy/todo-list/node_modules/egg-logrotator/app/schedule/clean_log.js
2025-01-09 01:12:00,613 INFO 20871 [egg-schedule]: register schedule /Users/le/Documents/GitHub/mystudy/todo-list/node_modules/egg-logrotator/app/schedule/rotate_by_file.js
2025-01-09 01:12:31,044 INFO 20901 [egg-schedule]: register schedule /Users/le/Documents/GitHub/mystudy/todo-list/node_modules/egg-multipart/app/schedule/clean_tmpdir.js
2025-01-09 01:12:31,045 INFO 20901 [egg-schedule]: register schedule /Users/le/Documents/GitHub/mystudy/todo-list/node_modules/egg-logrotator/app/schedule/clean_log.js
2025-01-09 01:12:31,045 INFO 20901 [egg-schedule]: register schedule /Users/le/Documents/GitHub/mystudy/todo-list/node_modules/egg-logrotator/app/schedule/rotate_by_file.js
2025-01-09 01:12:31,651 INFO 20905 [egg-schedule]: register schedule /Users/le/Documents/GitHub/mystudy/todo-list/node_modules/egg-multipart/app/schedule/clean_tmpdir.js
2025-01-09 01:12:31,651 INFO 20905 [egg-schedule]: register schedule /Users/le/Documents/GitHub/mystudy/todo-list/node_modules/egg-logrotator/app/schedule/clean_log.js
2025-01-09 01:12:31,651 INFO 20905 [egg-schedule]: register schedule /Users/le/Documents/GitHub/mystudy/todo-list/node_modules/egg-logrotator/app/schedule/rotate_by_file.js
2025-01-09 01:12:35,684 INFO 20925 [egg-schedule]: register schedule /Users/le/Documents/GitHub/mystudy/todo-list/node_modules/egg-multipart/app/schedule/clean_tmpdir.js
2025-01-09 01:12:35,684 INFO 20925 [egg-schedule]: register schedule /Users/le/Documents/GitHub/mystudy/todo-list/node_modules/egg-logrotator/app/schedule/clean_log.js
2025-01-09 01:12:35,684 INFO 20925 [egg-schedule]: register schedule /Users/le/Documents/GitHub/mystudy/todo-list/node_modules/egg-logrotator/app/schedule/rotate_by_file.js
2025-01-09 01:12:36,231 INFO 20929 [egg-schedule]: register schedule /Users/le/Documents/GitHub/mystudy/todo-list/node_modules/egg-multipart/app/schedule/clean_tmpdir.js
2025-01-09 01:12:36,231 INFO 20929 [egg-schedule]: register schedule /Users/le/Documents/GitHub/mystudy/todo-list/node_modules/egg-logrotator/app/schedule/clean_log.js
2025-01-09 01:12:36,231 INFO 20929 [egg-schedule]: register schedule /Users/le/Documents/GitHub/mystudy/todo-list/node_modules/egg-logrotator/app/schedule/rotate_by_file.js
2025-01-09 01:12:41,458 INFO 20944 [egg-schedule]: register schedule /Users/le/Documents/GitHub/mystudy/todo-list/node_modules/egg-multipart/app/schedule/clean_tmpdir.js
2025-01-09 01:12:41,458 INFO 20944 [egg-schedule]: register schedule /Users/le/Documents/GitHub/mystudy/todo-list/node_modules/egg-logrotator/app/schedule/clean_log.js
2025-01-09 01:12:41,458 INFO 20944 [egg-schedule]: register schedule /Users/le/Documents/GitHub/mystudy/todo-list/node_modules/egg-logrotator/app/schedule/rotate_by_file.js
2025-01-09 01:12:41,991 INFO 20950 [egg-schedule]: register schedule /Users/le/Documents/GitHub/mystudy/todo-list/node_modules/egg-multipart/app/schedule/clean_tmpdir.js
2025-01-09 01:12:41,991 INFO 20950 [egg-schedule]: register schedule /Users/le/Documents/GitHub/mystudy/todo-list/node_modules/egg-logrotator/app/schedule/clean_log.js
2025-01-09 01:12:41,991 INFO 20950 [egg-schedule]: register schedule /Users/le/Documents/GitHub/mystudy/todo-list/node_modules/egg-logrotator/app/schedule/rotate_by_file.js
2025-01-09 01:12:55,407 INFO 20980 [egg-schedule]: register schedule /Users/le/Documents/GitHub/mystudy/todo-list/node_modules/egg-multipart/app/schedule/clean_tmpdir.js
2025-01-09 01:12:55,407 INFO 20980 [egg-schedule]: register schedule /Users/le/Documents/GitHub/mystudy/todo-list/node_modules/egg-logrotator/app/schedule/clean_log.js
2025-01-09 01:12:55,407 INFO 20980 [egg-schedule]: register schedule /Users/le/Documents/GitHub/mystudy/todo-list/node_modules/egg-logrotator/app/schedule/rotate_by_file.js
2025-01-09 01:12:55,989 INFO 20984 [egg-schedule]: register schedule /Users/le/Documents/GitHub/mystudy/todo-list/node_modules/egg-multipart/app/schedule/clean_tmpdir.js
2025-01-09 01:12:55,989 INFO 20984 [egg-schedule]: register schedule /Users/le/Documents/GitHub/mystudy/todo-list/node_modules/egg-logrotator/app/schedule/clean_log.js
2025-01-09 01:12:55,989 INFO 20984 [egg-schedule]: register schedule /Users/le/Documents/GitHub/mystudy/todo-list/node_modules/egg-logrotator/app/schedule/rotate_by_file.js
2025-01-09 01:13:06,889 INFO 21003 [egg-schedule]: register schedule /Users/le/Documents/GitHub/mystudy/todo-list/node_modules/egg-multipart/app/schedule/clean_tmpdir.js
2025-01-09 01:13:06,889 INFO 21003 [egg-schedule]: register schedule /Users/le/Documents/GitHub/mystudy/todo-list/node_modules/egg-logrotator/app/schedule/clean_log.js
2025-01-09 01:13:06,889 INFO 21003 [egg-schedule]: register schedule /Users/le/Documents/GitHub/mystudy/todo-list/node_modules/egg-logrotator/app/schedule/rotate_by_file.js
2025-01-09 01:13:07,499 INFO 21007 [egg-schedule]: register schedule /Users/le/Documents/GitHub/mystudy/todo-list/node_modules/egg-multipart/app/schedule/clean_tmpdir.js
2025-01-09 01:13:07,499 INFO 21007 [egg-schedule]: register schedule /Users/le/Documents/GitHub/mystudy/todo-list/node_modules/egg-logrotator/app/schedule/clean_log.js
2025-01-09 01:13:07,499 INFO 21007 [egg-schedule]: register schedule /Users/le/Documents/GitHub/mystudy/todo-list/node_modules/egg-logrotator/app/schedule/rotate_by_file.js
2025-01-09 01:13:21,949 INFO 21025 [egg-schedule]: register schedule /Users/le/Documents/GitHub/mystudy/todo-list/node_modules/egg-multipart/app/schedule/clean_tmpdir.js
2025-01-09 01:13:21,949 INFO 21025 [egg-schedule]: register schedule /Users/le/Documents/GitHub/mystudy/todo-list/node_modules/egg-logrotator/app/schedule/clean_log.js
2025-01-09 01:13:21,949 INFO 21025 [egg-schedule]: register schedule /Users/le/Documents/GitHub/mystudy/todo-list/node_modules/egg-logrotator/app/schedule/rotate_by_file.js
2025-01-09 01:13:22,533 INFO 21029 [egg-schedule]: register schedule /Users/le/Documents/GitHub/mystudy/todo-list/node_modules/egg-multipart/app/schedule/clean_tmpdir.js
2025-01-09 01:13:22,533 INFO 21029 [egg-schedule]: register schedule /Users/le/Documents/GitHub/mystudy/todo-list/node_modules/egg-logrotator/app/schedule/clean_log.js
2025-01-09 01:13:22,533 INFO 21029 [egg-schedule]: register schedule /Users/le/Documents/GitHub/mystudy/todo-list/node_modules/egg-logrotator/app/schedule/rotate_by_file.js
2025-01-09 01:13:32,683 INFO 21047 [egg-schedule]: register schedule /Users/le/Documents/GitHub/mystudy/todo-list/node_modules/egg-multipart/app/schedule/clean_tmpdir.js
2025-01-09 01:13:32,683 INFO 21047 [egg-schedule]: register schedule /Users/le/Documents/GitHub/mystudy/todo-list/node_modules/egg-logrotator/app/schedule/clean_log.js
2025-01-09 01:13:32,683 INFO 21047 [egg-schedule]: register schedule /Users/le/Documents/GitHub/mystudy/todo-list/node_modules/egg-logrotator/app/schedule/rotate_by_file.js
2025-01-09 01:13:33,269 INFO 21051 [egg-schedule]: register schedule /Users/le/Documents/GitHub/mystudy/todo-list/node_modules/egg-multipart/app/schedule/clean_tmpdir.js
2025-01-09 01:13:33,269 INFO 21051 [egg-schedule]: register schedule /Users/le/Documents/GitHub/mystudy/todo-list/node_modules/egg-logrotator/app/schedule/clean_log.js
2025-01-09 01:13:33,269 INFO 21051 [egg-schedule]: register schedule /Users/le/Documents/GitHub/mystudy/todo-list/node_modules/egg-logrotator/app/schedule/rotate_by_file.js
2025-01-09 01:13:56,228 INFO 21103 [egg-schedule]: register schedule /Users/le/Documents/GitHub/mystudy/todo-list/node_modules/egg-multipart/app/schedule/clean_tmpdir.js
2025-01-09 01:13:56,228 INFO 21103 [egg-schedule]: register schedule /Users/le/Documents/GitHub/mystudy/todo-list/node_modules/egg-logrotator/app/schedule/clean_log.js
2025-01-09 01:13:56,228 INFO 21103 [egg-schedule]: register schedule /Users/le/Documents/GitHub/mystudy/todo-list/node_modules/egg-logrotator/app/schedule/rotate_by_file.js
2025-01-09 01:13:56,906 INFO 21107 [egg-schedule]: register schedule /Users/le/Documents/GitHub/mystudy/todo-list/node_modules/egg-multipart/app/schedule/clean_tmpdir.js
2025-01-09 01:13:56,906 INFO 21107 [egg-schedule]: register schedule /Users/le/Documents/GitHub/mystudy/todo-list/node_modules/egg-logrotator/app/schedule/clean_log.js
2025-01-09 01:13:56,906 INFO 21107 [egg-schedule]: register schedule /Users/le/Documents/GitHub/mystudy/todo-list/node_modules/egg-logrotator/app/schedule/rotate_by_file.js
2025-01-09 01:14:47,810 INFO 21179 [egg-schedule]: register schedule /Users/le/Documents/GitHub/mystudy/todo-list/node_modules/egg-multipart/app/schedule/clean_tmpdir.js
2025-01-09 01:14:47,810 INFO 21179 [egg-schedule]: register schedule /Users/le/Documents/GitHub/mystudy/todo-list/node_modules/egg-logrotator/app/schedule/clean_log.js
2025-01-09 01:14:47,810 INFO 21179 [egg-schedule]: register schedule /Users/le/Documents/GitHub/mystudy/todo-list/node_modules/egg-logrotator/app/schedule/rotate_by_file.js
2025-01-09 01:14:48,337 INFO 21183 [egg-schedule]: register schedule /Users/le/Documents/GitHub/mystudy/todo-list/node_modules/egg-multipart/app/schedule/clean_tmpdir.js
2025-01-09 01:14:48,337 INFO 21183 [egg-schedule]: register schedule /Users/le/Documents/GitHub/mystudy/todo-list/node_modules/egg-logrotator/app/schedule/clean_log.js
2025-01-09 01:14:48,337 INFO 21183 [egg-schedule]: register schedule /Users/le/Documents/GitHub/mystudy/todo-list/node_modules/egg-logrotator/app/schedule/rotate_by_file.js
2025-01-09 01:14:48,965 INFO 21187 [egg-schedule]: register schedule /Users/le/Documents/GitHub/mystudy/todo-list/node_modules/egg-multipart/app/schedule/clean_tmpdir.js
2025-01-09 01:14:48,965 INFO 21187 [egg-schedule]: register schedule /Users/le/Documents/GitHub/mystudy/todo-list/node_modules/egg-logrotator/app/schedule/clean_log.js
2025-01-09 01:14:48,965 INFO 21187 [egg-schedule]: register schedule /Users/le/Documents/GitHub/mystudy/todo-list/node_modules/egg-logrotator/app/schedule/rotate_by_file.js
2025-01-09 01:15:13,093 INFO 21225 [egg-schedule]: register schedule /Users/le/Documents/GitHub/mystudy/todo-list/node_modules/egg-multipart/app/schedule/clean_tmpdir.js
2025-01-09 01:15:13,093 INFO 21225 [egg-schedule]: register schedule /Users/le/Documents/GitHub/mystudy/todo-list/node_modules/egg-logrotator/app/schedule/clean_log.js
2025-01-09 01:15:13,093 INFO 21225 [egg-schedule]: register schedule /Users/le/Documents/GitHub/mystudy/todo-list/node_modules/egg-logrotator/app/schedule/rotate_by_file.js
2025-01-09 01:15:13,692 INFO 21229 [egg-schedule]: register schedule /Users/le/Documents/GitHub/mystudy/todo-list/node_modules/egg-multipart/app/schedule/clean_tmpdir.js
2025-01-09 01:15:13,692 INFO 21229 [egg-schedule]: register schedule /Users/le/Documents/GitHub/mystudy/todo-list/node_modules/egg-logrotator/app/schedule/clean_log.js
2025-01-09 01:15:13,692 INFO 21229 [egg-schedule]: register schedule /Users/le/Documents/GitHub/mystudy/todo-list/node_modules/egg-logrotator/app/schedule/rotate_by_file.js
2025-01-09 01:17:22,459 INFO 21330 [egg-schedule]: register schedule /Users/le/Documents/GitHub/mystudy/todo-list/node_modules/egg-multipart/app/schedule/clean_tmpdir.js
2025-01-09 01:17:22,459 INFO 21330 [egg-schedule]: register schedule /Users/le/Documents/GitHub/mystudy/todo-list/node_modules/egg-logrotator/app/schedule/clean_log.js
2025-01-09 01:17:22,459 INFO 21330 [egg-schedule]: register schedule /Users/le/Documents/GitHub/mystudy/todo-list/node_modules/egg-logrotator/app/schedule/rotate_by_file.js
2025-01-09 01:17:23,069 INFO 21334 [egg-schedule]: register schedule /Users/le/Documents/GitHub/mystudy/todo-list/node_modules/egg-multipart/app/schedule/clean_tmpdir.js
2025-01-09 01:17:23,069 INFO 21334 [egg-schedule]: register schedule /Users/le/Documents/GitHub/mystudy/todo-list/node_modules/egg-logrotator/app/schedule/clean_log.js
2025-01-09 01:17:23,069 INFO 21334 [egg-schedule]: register schedule /Users/le/Documents/GitHub/mystudy/todo-list/node_modules/egg-logrotator/app/schedule/rotate_by_file.js
2025-01-09 01:17:24,336 INFO 21343 [egg-schedule]: register schedule /Users/le/Documents/GitHub/mystudy/todo-list/node_modules/egg-multipart/app/schedule/clean_tmpdir.js
2025-01-09 01:17:24,336 INFO 21343 [egg-schedule]: register schedule /Users/le/Documents/GitHub/mystudy/todo-list/node_modules/egg-logrotator/app/schedule/clean_log.js
2025-01-09 01:17:24,336 INFO 21343 [egg-schedule]: register schedule /Users/le/Documents/GitHub/mystudy/todo-list/node_modules/egg-logrotator/app/schedule/rotate_by_file.js
2025-01-09 01:17:24,846 INFO 21347 [egg-schedule]: register schedule /Users/le/Documents/GitHub/mystudy/todo-list/node_modules/egg-multipart/app/schedule/clean_tmpdir.js
2025-01-09 01:17:24,846 INFO 21347 [egg-schedule]: register schedule /Users/le/Documents/GitHub/mystudy/todo-list/node_modules/egg-logrotator/app/schedule/clean_log.js
2025-01-09 01:17:24,846 INFO 21347 [egg-schedule]: register schedule /Users/le/Documents/GitHub/mystudy/todo-list/node_modules/egg-logrotator/app/schedule/rotate_by_file.js
2025-01-09 01:17:43,749 INFO 21374 [egg-schedule]: register schedule /Users/le/Documents/GitHub/mystudy/todo-list/node_modules/egg-multipart/app/schedule/clean_tmpdir.js
2025-01-09 01:17:43,749 INFO 21374 [egg-schedule]: register schedule /Users/le/Documents/GitHub/mystudy/todo-list/node_modules/egg-logrotator/app/schedule/clean_log.js
2025-01-09 01:17:43,749 INFO 21374 [egg-schedule]: register schedule /Users/le/Documents/GitHub/mystudy/todo-list/node_modules/egg-logrotator/app/schedule/rotate_by_file.js
2025-01-09 01:17:44,325 INFO 21378 [egg-schedule]: register schedule /Users/le/Documents/GitHub/mystudy/todo-list/node_modules/egg-multipart/app/schedule/clean_tmpdir.js
2025-01-09 01:17:44,325 INFO 21378 [egg-schedule]: register schedule /Users/le/Documents/GitHub/mystudy/todo-list/node_modules/egg-logrotator/app/schedule/clean_log.js
2025-01-09 01:17:44,325 INFO 21378 [egg-schedule]: register schedule /Users/le/Documents/GitHub/mystudy/todo-list/node_modules/egg-logrotator/app/schedule/rotate_by_file.js
2025-01-09 01:17:53,949 INFO 21401 [egg-schedule]: register schedule /Users/le/Documents/GitHub/mystudy/todo-list/node_modules/egg-multipart/app/schedule/clean_tmpdir.js
2025-01-09 01:17:53,949 INFO 21401 [egg-schedule]: register schedule /Users/le/Documents/GitHub/mystudy/todo-list/node_modules/egg-logrotator/app/schedule/clean_log.js
2025-01-09 01:17:53,949 INFO 21401 [egg-schedule]: register schedule /Users/le/Documents/GitHub/mystudy/todo-list/node_modules/egg-logrotator/app/schedule/rotate_by_file.js
2025-01-09 01:17:54,495 INFO 21405 [egg-schedule]: register schedule /Users/le/Documents/GitHub/mystudy/todo-list/node_modules/egg-multipart/app/schedule/clean_tmpdir.js
2025-01-09 01:17:54,495 INFO 21405 [egg-schedule]: register schedule /Users/le/Documents/GitHub/mystudy/todo-list/node_modules/egg-logrotator/app/schedule/clean_log.js
2025-01-09 01:17:54,495 INFO 21405 [egg-schedule]: register schedule /Users/le/Documents/GitHub/mystudy/todo-list/node_modules/egg-logrotator/app/schedule/rotate_by_file.js
2025-01-09 01:18:37,651 INFO 21436 [egg-schedule]: register schedule /Users/le/Documents/GitHub/mystudy/todo-list/node_modules/egg-multipart/app/schedule/clean_tmpdir.js
2025-01-09 01:18:37,651 INFO 21436 [egg-schedule]: register schedule /Users/le/Documents/GitHub/mystudy/todo-list/node_modules/egg-logrotator/app/schedule/clean_log.js
2025-01-09 01:18:37,651 INFO 21436 [egg-schedule]: register schedule /Users/le/Documents/GitHub/mystudy/todo-list/node_modules/egg-logrotator/app/schedule/rotate_by_file.js
2025-01-09 01:18:38,260 INFO 21442 [egg-schedule]: register schedule /Users/le/Documents/GitHub/mystudy/todo-list/node_modules/egg-multipart/app/schedule/clean_tmpdir.js
2025-01-09 01:18:38,260 INFO 21442 [egg-schedule]: register schedule /Users/le/Documents/GitHub/mystudy/todo-list/node_modules/egg-logrotator/app/schedule/clean_log.js
2025-01-09 01:18:38,260 INFO 21442 [egg-schedule]: register schedule /Users/le/Documents/GitHub/mystudy/todo-list/node_modules/egg-logrotator/app/schedule/rotate_by_file.js
2025-01-09 01:18:48,768 INFO 21463 [egg-schedule]: register schedule /Users/le/Documents/GitHub/mystudy/todo-list/node_modules/egg-multipart/app/schedule/clean_tmpdir.js
2025-01-09 01:18:48,768 INFO 21463 [egg-schedule]: register schedule /Users/le/Documents/GitHub/mystudy/todo-list/node_modules/egg-logrotator/app/schedule/clean_log.js
2025-01-09 01:18:48,768 INFO 21463 [egg-schedule]: register schedule /Users/le/Documents/GitHub/mystudy/todo-list/node_modules/egg-logrotator/app/schedule/rotate_by_file.js
2025-01-09 01:18:49,468 INFO 21468 [egg-schedule]: register schedule /Users/le/Documents/GitHub/mystudy/todo-list/node_modules/egg-multipart/app/schedule/clean_tmpdir.js
2025-01-09 01:18:49,468 INFO 21468 [egg-schedule]: register schedule /Users/le/Documents/GitHub/mystudy/todo-list/node_modules/egg-logrotator/app/schedule/clean_log.js
2025-01-09 01:18:49,468 INFO 21468 [egg-schedule]: register schedule /Users/le/Documents/GitHub/mystudy/todo-list/node_modules/egg-logrotator/app/schedule/rotate_by_file.js
2025-01-09 01:18:54,903 INFO 21488 [egg-schedule]: register schedule /Users/le/Documents/GitHub/mystudy/todo-list/node_modules/egg-multipart/app/schedule/clean_tmpdir.js
2025-01-09 01:18:54,903 INFO 21488 [egg-schedule]: register schedule /Users/le/Documents/GitHub/mystudy/todo-list/node_modules/egg-logrotator/app/schedule/clean_log.js
2025-01-09 01:18:54,903 INFO 21488 [egg-schedule]: register schedule /Users/le/Documents/GitHub/mystudy/todo-list/node_modules/egg-logrotator/app/schedule/rotate_by_file.js
2025-01-09 01:18:55,430 INFO 21492 [egg-schedule]: register schedule /Users/le/Documents/GitHub/mystudy/todo-list/node_modules/egg-multipart/app/schedule/clean_tmpdir.js
2025-01-09 01:18:55,430 INFO 21492 [egg-schedule]: register schedule /Users/le/Documents/GitHub/mystudy/todo-list/node_modules/egg-logrotator/app/schedule/clean_log.js
2025-01-09 01:18:55,430 INFO 21492 [egg-schedule]: register schedule /Users/le/Documents/GitHub/mystudy/todo-list/node_modules/egg-logrotator/app/schedule/rotate_by_file.js
2025-01-09 01:19:34,222 INFO 21518 [egg-schedule]: register schedule /Users/le/Documents/GitHub/mystudy/todo-list/node_modules/egg-multipart/app/schedule/clean_tmpdir.js
2025-01-09 01:19:34,222 INFO 21518 [egg-schedule]: register schedule /Users/le/Documents/GitHub/mystudy/todo-list/node_modules/egg-logrotator/app/schedule/clean_log.js
2025-01-09 01:19:34,222 INFO 21518 [egg-schedule]: register schedule /Users/le/Documents/GitHub/mystudy/todo-list/node_modules/egg-logrotator/app/schedule/rotate_by_file.js
2025-01-09 01:19:34,830 INFO 21522 [egg-schedule]: register schedule /Users/le/Documents/GitHub/mystudy/todo-list/node_modules/egg-multipart/app/schedule/clean_tmpdir.js
2025-01-09 01:19:34,830 INFO 21522 [egg-schedule]: register schedule /Users/le/Documents/GitHub/mystudy/todo-list/node_modules/egg-logrotator/app/schedule/clean_log.js
2025-01-09 01:19:34,830 INFO 21522 [egg-schedule]: register schedule /Users/le/Documents/GitHub/mystudy/todo-list/node_modules/egg-logrotator/app/schedule/rotate_by_file.js
2025-01-09 01:19:43,505 INFO 21544 [egg-schedule]: register schedule /Users/le/Documents/GitHub/mystudy/todo-list/node_modules/egg-multipart/app/schedule/clean_tmpdir.js
2025-01-09 01:19:43,505 INFO 21544 [egg-schedule]: register schedule /Users/le/Documents/GitHub/mystudy/todo-list/node_modules/egg-logrotator/app/schedule/clean_log.js
2025-01-09 01:19:43,505 INFO 21544 [egg-schedule]: register schedule /Users/le/Documents/GitHub/mystudy/todo-list/node_modules/egg-logrotator/app/schedule/rotate_by_file.js
2025-01-09 01:19:44,169 INFO 21548 [egg-schedule]: register schedule /Users/le/Documents/GitHub/mystudy/todo-list/node_modules/egg-multipart/app/schedule/clean_tmpdir.js
2025-01-09 01:19:44,169 INFO 21548 [egg-schedule]: register schedule /Users/le/Documents/GitHub/mystudy/todo-list/node_modules/egg-logrotator/app/schedule/clean_log.js
2025-01-09 01:19:44,169 INFO 21548 [egg-schedule]: register schedule /Users/le/Documents/GitHub/mystudy/todo-list/node_modules/egg-logrotator/app/schedule/rotate_by_file.js
2025-01-09 01:20:21,479 INFO 21600 [egg-schedule]: register schedule /Users/le/Documents/GitHub/mystudy/todo-list/node_modules/egg-multipart/app/schedule/clean_tmpdir.js
2025-01-09 01:20:21,479 INFO 21600 [egg-schedule]: register schedule /Users/le/Documents/GitHub/mystudy/todo-list/node_modules/egg-logrotator/app/schedule/clean_log.js
2025-01-09 01:20:21,479 INFO 21600 [egg-schedule]: register schedule /Users/le/Documents/GitHub/mystudy/todo-list/node_modules/egg-logrotator/app/schedule/rotate_by_file.js
2025-01-09 01:20:22,194 INFO 21605 [egg-schedule]: register schedule /Users/le/Documents/GitHub/mystudy/todo-list/node_modules/egg-multipart/app/schedule/clean_tmpdir.js
2025-01-09 01:20:22,194 INFO 21605 [egg-schedule]: register schedule /Users/le/Documents/GitHub/mystudy/todo-list/node_modules/egg-logrotator/app/schedule/clean_log.js
2025-01-09 01:20:22,194 INFO 21605 [egg-schedule]: register schedule /Users/le/Documents/GitHub/mystudy/todo-list/node_modules/egg-logrotator/app/schedule/rotate_by_file.js
2025-01-09 01:20:22,272 INFO 21606 [egg-schedule]: register schedule /Users/le/Documents/GitHub/mystudy/todo-list/node_modules/egg-multipart/app/schedule/clean_tmpdir.js
2025-01-09 01:20:22,272 INFO 21606 [egg-schedule]: register schedule /Users/le/Documents/GitHub/mystudy/todo-list/node_modules/egg-logrotator/app/schedule/clean_log.js
2025-01-09 01:20:22,272 INFO 21606 [egg-schedule]: register schedule /Users/le/Documents/GitHub/mystudy/todo-list/node_modules/egg-logrotator/app/schedule/rotate_by_file.js
2025-01-09 01:21:25,357 INFO 21652 [egg-schedule]: register schedule /Users/le/Documents/GitHub/mystudy/todo-list/node_modules/egg-multipart/app/schedule/clean_tmpdir.js
2025-01-09 01:21:25,357 INFO 21652 [egg-schedule]: register schedule /Users/le/Documents/GitHub/mystudy/todo-list/node_modules/egg-logrotator/app/schedule/clean_log.js
2025-01-09 01:21:25,357 INFO 21652 [egg-schedule]: register schedule /Users/le/Documents/GitHub/mystudy/todo-list/node_modules/egg-logrotator/app/schedule/rotate_by_file.js
2025-01-09 01:21:26,006 INFO 21656 [egg-schedule]: register schedule /Users/le/Documents/GitHub/mystudy/todo-list/node_modules/egg-multipart/app/schedule/clean_tmpdir.js
2025-01-09 01:21:26,006 INFO 21656 [egg-schedule]: register schedule /Users/le/Documents/GitHub/mystudy/todo-list/node_modules/egg-logrotator/app/schedule/clean_log.js
2025-01-09 01:21:26,006 INFO 21656 [egg-schedule]: register schedule /Users/le/Documents/GitHub/mystudy/todo-list/node_modules/egg-logrotator/app/schedule/rotate_by_file.js
2025-01-09 01:21:42,857 INFO 21675 [egg-schedule]: register schedule /Users/le/Documents/GitHub/mystudy/todo-list/node_modules/egg-multipart/app/schedule/clean_tmpdir.js
2025-01-09 01:21:42,857 INFO 21675 [egg-schedule]: register schedule /Users/le/Documents/GitHub/mystudy/todo-list/node_modules/egg-logrotator/app/schedule/clean_log.js
2025-01-09 01:21:42,857 INFO 21675 [egg-schedule]: register schedule /Users/le/Documents/GitHub/mystudy/todo-list/node_modules/egg-logrotator/app/schedule/rotate_by_file.js
2025-01-09 01:21:43,455 INFO 21680 [egg-schedule]: register schedule /Users/le/Documents/GitHub/mystudy/todo-list/node_modules/egg-multipart/app/schedule/clean_tmpdir.js
2025-01-09 01:21:43,455 INFO 21680 [egg-schedule]: register schedule /Users/le/Documents/GitHub/mystudy/todo-list/node_modules/egg-logrotator/app/schedule/clean_log.js
2025-01-09 01:21:43,455 INFO 21680 [egg-schedule]: register schedule /Users/le/Documents/GitHub/mystudy/todo-list/node_modules/egg-logrotator/app/schedule/rotate_by_file.js
2025-01-09 01:23:48,323 INFO 21743 [egg-schedule]: register schedule /Users/le/Documents/GitHub/mystudy/todo-list/node_modules/egg-multipart/app/schedule/clean_tmpdir.js
2025-01-09 01:23:48,323 INFO 21743 [egg-schedule]: register schedule /Users/le/Documents/GitHub/mystudy/todo-list/node_modules/egg-logrotator/app/schedule/clean_log.js
2025-01-09 01:23:48,323 INFO 21743 [egg-schedule]: register schedule /Users/le/Documents/GitHub/mystudy/todo-list/node_modules/egg-logrotator/app/schedule/rotate_by_file.js
2025-01-09 01:23:48,961 INFO 21748 [egg-schedule]: register schedule /Users/le/Documents/GitHub/mystudy/todo-list/node_modules/egg-multipart/app/schedule/clean_tmpdir.js
2025-01-09 01:23:48,961 INFO 21748 [egg-schedule]: register schedule /Users/le/Documents/GitHub/mystudy/todo-list/node_modules/egg-logrotator/app/schedule/clean_log.js
2025-01-09 01:23:48,961 INFO 21748 [egg-schedule]: register schedule /Users/le/Documents/GitHub/mystudy/todo-list/node_modules/egg-logrotator/app/schedule/rotate_by_file.js
2025-01-09 01:24:05,100 INFO 21810 [Timer] /Users/le/Documents/GitHub/mystudy/todo-list/node_modules/egg-multipart/app/schedule/clean_tmpdir.js next time will execute after 11154901ms at 2025-01-09 04:30:00.001
2025-01-09 01:24:05,101 INFO 21810 [Timer] /Users/le/Documents/GitHub/mystudy/todo-list/node_modules/egg-logrotator/app/schedule/clean_log.js next time will execute after 81354900ms at 2025-01-10 00:00:00.001
2025-01-09 01:24:05,101 INFO 21810 [Timer] /Users/le/Documents/GitHub/mystudy/todo-list/node_modules/egg-logrotator/app/schedule/rotate_by_file.js next time will execute after 81355899ms at 2025-01-10 00:00:01.000
2025-01-09 01:24:04,912 INFO 21822 [egg-schedule]: register schedule /Users/le/Documents/GitHub/mystudy/todo-list/node_modules/egg-multipart/app/schedule/clean_tmpdir.js
2025-01-09 01:24:04,912 INFO 21822 [egg-schedule]: register schedule /Users/le/Documents/GitHub/mystudy/todo-list/node_modules/egg-logrotator/app/schedule/clean_log.js
2025-01-09 01:24:04,912 INFO 21822 [egg-schedule]: register schedule /Users/le/Documents/GitHub/mystudy/todo-list/node_modules/egg-logrotator/app/schedule/rotate_by_file.js
2025-01-09 01:26:14,240 INFO 21941 [egg-schedule]: register schedule /Users/le/Documents/GitHub/mystudy/todo-list/node_modules/egg-multipart/app/schedule/clean_tmpdir.js
2025-01-09 01:26:14,240 INFO 21941 [egg-schedule]: register schedule /Users/le/Documents/GitHub/mystudy/todo-list/node_modules/egg-logrotator/app/schedule/clean_log.js
2025-01-09 01:26:14,240 INFO 21941 [egg-schedule]: register schedule /Users/le/Documents/GitHub/mystudy/todo-list/node_modules/egg-logrotator/app/schedule/rotate_by_file.js
2025-01-09 01:26:14,851 INFO 21963 [egg-schedule]: register schedule /Users/le/Documents/GitHub/mystudy/todo-list/node_modules/egg-multipart/app/schedule/clean_tmpdir.js
2025-01-09 01:26:14,851 INFO 21963 [egg-schedule]: register schedule /Users/le/Documents/GitHub/mystudy/todo-list/node_modules/egg-logrotator/app/schedule/clean_log.js
2025-01-09 01:26:14,851 INFO 21963 [egg-schedule]: register schedule /Users/le/Documents/GitHub/mystudy/todo-list/node_modules/egg-logrotator/app/schedule/rotate_by_file.js
2025-01-09 01:26:19,061 INFO 21982 [egg-schedule]: register schedule /Users/le/Documents/GitHub/mystudy/todo-list/node_modules/egg-multipart/app/schedule/clean_tmpdir.js
2025-01-09 01:26:19,061 INFO 21982 [egg-schedule]: register schedule /Users/le/Documents/GitHub/mystudy/todo-list/node_modules/egg-logrotator/app/schedule/clean_log.js
2025-01-09 01:26:19,061 INFO 21982 [egg-schedule]: register schedule /Users/le/Documents/GitHub/mystudy/todo-list/node_modules/egg-logrotator/app/schedule/rotate_by_file.js
2025-01-09 01:26:19,775 INFO 22004 [egg-schedule]: register schedule /Users/le/Documents/GitHub/mystudy/todo-list/node_modules/egg-multipart/app/schedule/clean_tmpdir.js
2025-01-09 01:26:19,775 INFO 22004 [egg-schedule]: register schedule /Users/le/Documents/GitHub/mystudy/todo-list/node_modules/egg-logrotator/app/schedule/clean_log.js
2025-01-09 01:26:19,775 INFO 22004 [egg-schedule]: register schedule /Users/le/Documents/GitHub/mystudy/todo-list/node_modules/egg-logrotator/app/schedule/rotate_by_file.js
2025-01-09 01:26:19,999 INFO 22005 [egg-schedule]: register schedule /Users/le/Documents/GitHub/mystudy/todo-list/node_modules/egg-multipart/app/schedule/clean_tmpdir.js
2025-01-09 01:26:19,999 INFO 22005 [egg-schedule]: register schedule /Users/le/Documents/GitHub/mystudy/todo-list/node_modules/egg-logrotator/app/schedule/clean_log.js
2025-01-09 01:26:19,999 INFO 22005 [egg-schedule]: register schedule /Users/le/Documents/GitHub/mystudy/todo-list/node_modules/egg-logrotator/app/schedule/rotate_by_file.js
2025-01-09 01:26:41,917 INFO 22028 [egg-schedule]: register schedule /Users/le/Documents/GitHub/mystudy/todo-list/node_modules/egg-multipart/app/schedule/clean_tmpdir.js
2025-01-09 01:26:41,917 INFO 22028 [egg-schedule]: register schedule /Users/le/Documents/GitHub/mystudy/todo-list/node_modules/egg-logrotator/app/schedule/clean_log.js
2025-01-09 01:26:41,917 INFO 22028 [egg-schedule]: register schedule /Users/le/Documents/GitHub/mystudy/todo-list/node_modules/egg-logrotator/app/schedule/rotate_by_file.js
2025-01-09 01:26:42,528 INFO 22050 [egg-schedule]: register schedule /Users/le/Documents/GitHub/mystudy/todo-list/node_modules/egg-multipart/app/schedule/clean_tmpdir.js
2025-01-09 01:26:42,528 INFO 22050 [egg-schedule]: register schedule /Users/le/Documents/GitHub/mystudy/todo-list/node_modules/egg-logrotator/app/schedule/clean_log.js
2025-01-09 01:26:42,528 INFO 22050 [egg-schedule]: register schedule /Users/le/Documents/GitHub/mystudy/todo-list/node_modules/egg-logrotator/app/schedule/rotate_by_file.js
2025-01-09 01:27:30,261 INFO 22090 [egg-schedule]: register schedule /Users/le/Documents/GitHub/mystudy/todo-list/node_modules/egg-multipart/app/schedule/clean_tmpdir.js
2025-01-09 01:27:30,261 INFO 22090 [egg-schedule]: register schedule /Users/le/Documents/GitHub/mystudy/todo-list/node_modules/egg-logrotator/app/schedule/clean_log.js
2025-01-09 01:27:30,261 INFO 22090 [egg-schedule]: register schedule /Users/le/Documents/GitHub/mystudy/todo-list/node_modules/egg-logrotator/app/schedule/rotate_by_file.js
2025-01-09 01:27:31,001 INFO 22114 [egg-schedule]: register schedule /Users/le/Documents/GitHub/mystudy/todo-list/node_modules/egg-multipart/app/schedule/clean_tmpdir.js
2025-01-09 01:27:31,001 INFO 22114 [egg-schedule]: register schedule /Users/le/Documents/GitHub/mystudy/todo-list/node_modules/egg-logrotator/app/schedule/clean_log.js
2025-01-09 01:27:31,001 INFO 22114 [egg-schedule]: register schedule /Users/le/Documents/GitHub/mystudy/todo-list/node_modules/egg-logrotator/app/schedule/rotate_by_file.js
2025-01-09 01:27:51,616 INFO 22138 [egg-schedule]: register schedule /Users/le/Documents/GitHub/mystudy/todo-list/node_modules/egg-multipart/app/schedule/clean_tmpdir.js
2025-01-09 01:27:51,616 INFO 22138 [egg-schedule]: register schedule /Users/le/Documents/GitHub/mystudy/todo-list/node_modules/egg-logrotator/app/schedule/clean_log.js
2025-01-09 01:27:51,616 INFO 22138 [egg-schedule]: register schedule /Users/le/Documents/GitHub/mystudy/todo-list/node_modules/egg-logrotator/app/schedule/rotate_by_file.js
2025-01-09 01:27:52,200 INFO 22161 [egg-schedule]: register schedule /Users/le/Documents/GitHub/mystudy/todo-list/node_modules/egg-multipart/app/schedule/clean_tmpdir.js
2025-01-09 01:27:52,200 INFO 22161 [egg-schedule]: register schedule /Users/le/Documents/GitHub/mystudy/todo-list/node_modules/egg-logrotator/app/schedule/clean_log.js
2025-01-09 01:27:52,200 INFO 22161 [egg-schedule]: register schedule /Users/le/Documents/GitHub/mystudy/todo-list/node_modules/egg-logrotator/app/schedule/rotate_by_file.js
2025-01-09 01:28:40,846 INFO 22232 [egg-schedule]: register schedule /Users/le/Documents/GitHub/mystudy/todo-list/node_modules/egg-multipart/app/schedule/clean_tmpdir.js
2025-01-09 01:28:40,846 INFO 22232 [egg-schedule]: register schedule /Users/le/Documents/GitHub/mystudy/todo-list/node_modules/egg-logrotator/app/schedule/clean_log.js
2025-01-09 01:28:40,846 INFO 22232 [egg-schedule]: register schedule /Users/le/Documents/GitHub/mystudy/todo-list/node_modules/egg-logrotator/app/schedule/rotate_by_file.js
2025-01-09 01:28:41,426 INFO 22236 [egg-schedule]: register schedule /Users/le/Documents/GitHub/mystudy/todo-list/node_modules/egg-multipart/app/schedule/clean_tmpdir.js
2025-01-09 01:28:41,426 INFO 22236 [egg-schedule]: register schedule /Users/le/Documents/GitHub/mystudy/todo-list/node_modules/egg-logrotator/app/schedule/clean_log.js
2025-01-09 01:28:41,426 INFO 22236 [egg-schedule]: register schedule /Users/le/Documents/GitHub/mystudy/todo-list/node_modules/egg-logrotator/app/schedule/rotate_by_file.js
2025-01-09 01:28:55,109 INFO 22262 [egg-schedule]: register schedule /Users/le/Documents/GitHub/mystudy/todo-list/node_modules/egg-multipart/app/schedule/clean_tmpdir.js
2025-01-09 01:28:55,109 INFO 22262 [egg-schedule]: register schedule /Users/le/Documents/GitHub/mystudy/todo-list/node_modules/egg-logrotator/app/schedule/clean_log.js
2025-01-09 01:28:55,109 INFO 22262 [egg-schedule]: register schedule /Users/le/Documents/GitHub/mystudy/todo-list/node_modules/egg-logrotator/app/schedule/rotate_by_file.js
2025-01-09 01:28:55,755 INFO 22266 [egg-schedule]: register schedule /Users/le/Documents/GitHub/mystudy/todo-list/node_modules/egg-multipart/app/schedule/clean_tmpdir.js
2025-01-09 01:28:55,755 INFO 22266 [egg-schedule]: register schedule /Users/le/Documents/GitHub/mystudy/todo-list/node_modules/egg-logrotator/app/schedule/clean_log.js
2025-01-09 01:28:55,755 INFO 22266 [egg-schedule]: register schedule /Users/le/Documents/GitHub/mystudy/todo-list/node_modules/egg-logrotator/app/schedule/rotate_by_file.js
